
**** Build of configuration Debug for project lab_1 ****

"C:\\ti\\ccs1010\\ccs\\utils\\bin\\gmake" -k -j 4 all -O 
 
Building file: "../resetSimulation.c"
Invoking: ARM Compiler
"C:/ti/ccs1010/ccs/tools/compiler/ti-cgt-arm_20.2.1.LTS/bin/armcl" -mv7M4 --code_state=16 --float_support=FPv4SPD16 -me --include_path="U:/CPRE228Github/228Labs/lab_1" --include_path="C:/ti/TivaWare_C_Series-2.1.4.178" --include_path="C:/ti/ccs1010/ccs/tools/compiler/ti-cgt-arm_20.2.1.LTS/include" --define=ccs="ccs" --define=PART_TM4C123GH6PM -g --gcc --diag_warning=225 --diag_wrap=off --display_error_number --abi=eabi --preproc_with_compile --preproc_dependency="resetSimulation.d_raw"  "../resetSimulation.c"
"..\Timer.h", line 118: warning #1-D: last line of file ends without a newline
Finished building: "../resetSimulation.c"
 
Building file: "../Timer.c"
Invoking: ARM Compiler
"C:/ti/ccs1010/ccs/tools/compiler/ti-cgt-arm_20.2.1.LTS/bin/armcl" -mv7M4 --code_state=16 --float_support=FPv4SPD16 -me --include_path="U:/CPRE228Github/228Labs/lab_1" --include_path="C:/ti/TivaWare_C_Series-2.1.4.178" --include_path="C:/ti/ccs1010/ccs/tools/compiler/ti-cgt-arm_20.2.1.LTS/include" --define=ccs="ccs" --define=PART_TM4C123GH6PM -g --gcc --diag_warning=225 --diag_wrap=off --display_error_number --abi=eabi --preproc_with_compile --preproc_dependency="Timer.d_raw"  "../Timer.c"
"..\Timer.h", line 118: warning #1-D: last line of file ends without a newline
"../Timer.c", line 203: warning #1-D: last line of file ends without a newline
Finished building: "../Timer.c"
 
Building file: "../helloworld.c"
Invoking: ARM Compiler
"C:/ti/ccs1010/ccs/tools/compiler/ti-cgt-arm_20.2.1.LTS/bin/armcl" -mv7M4 --code_state=16 --float_support=FPv4SPD16 -me --include_path="U:/CPRE228Github/228Labs/lab_1" --include_path="C:/ti/TivaWare_C_Series-2.1.4.178" --include_path="C:/ti/ccs1010/ccs/tools/compiler/ti-cgt-arm_20.2.1.LTS/include" --define=ccs="ccs" --define=PART_TM4C123GH6PM -g --gcc --diag_warning=225 --diag_wrap=off --display_error_number --abi=eabi --preproc_with_compile --preproc_dependency="helloworld.d_raw"  "../helloworld.c"
"..\Timer.h", line 118: warning #1-D: last line of file ends without a newline
"..\lcd.h", line 53: warning #1-D: last line of file ends without a newline
"../helloworld.c", line 23: warning #515-D: a value of type "char *" cannot be assigned to an entity of type "char"
"../helloworld.c", line 47: warning #177-D: subscript out of range
"../helloworld.c", line 72: warning #112-D: statement is unreachable
Finished building: "../helloworld.c"
 
Building file: "../lcd.c"
Invoking: ARM Compiler
"C:/ti/ccs1010/ccs/tools/compiler/ti-cgt-arm_20.2.1.LTS/bin/armcl" -mv7M4 --code_state=16 --float_support=FPv4SPD16 -me --include_path="U:/CPRE228Github/228Labs/lab_1" --include_path="C:/ti/TivaWare_C_Series-2.1.4.178" --include_path="C:/ti/ccs1010/ccs/tools/compiler/ti-cgt-arm_20.2.1.LTS/include" --define=ccs="ccs" --define=PART_TM4C123GH6PM -g --gcc --diag_warning=225 --diag_wrap=off --display_error_number --abi=eabi --preproc_with_compile --preproc_dependency="lcd.d_raw"  "../lcd.c"
"..\Timer.h", line 118: warning #1-D: last line of file ends without a newline
"..\lcd.h", line 53: warning #1-D: last line of file ends without a newline
Finished building: "../lcd.c"
 
Building file: "../tm4c123gh6pm_startup_ccs.c"
Invoking: ARM Compiler
"C:/ti/ccs1010/ccs/tools/compiler/ti-cgt-arm_20.2.1.LTS/bin/armcl" -mv7M4 --code_state=16 --float_support=FPv4SPD16 -me --include_path="U:/CPRE228Github/228Labs/lab_1" --include_path="C:/ti/TivaWare_C_Series-2.1.4.178" --include_path="C:/ti/ccs1010/ccs/tools/compiler/ti-cgt-arm_20.2.1.LTS/include" --define=ccs="ccs" --define=PART_TM4C123GH6PM -g --gcc --diag_warning=225 --diag_wrap=off --display_error_number --abi=eabi --preproc_with_compile --preproc_dependency="tm4c123gh6pm_startup_ccs.d_raw"  "../tm4c123gh6pm_startup_ccs.c"
Finished building: "../tm4c123gh6pm_startup_ccs.c"
 
Building target: "lab_1.out"
Invoking: ARM Linker
"C:/ti/ccs1010/ccs/tools/compiler/ti-cgt-arm_20.2.1.LTS/bin/armcl" -mv7M4 --code_state=16 --float_support=FPv4SPD16 -me --define=ccs="ccs" --define=PART_TM4C123GH6PM -g --gcc --diag_warning=225 --diag_wrap=off --display_error_number --abi=eabi -z -m"lab_1.map" --heap_size=1024 --stack_size=2048 -i"C:/ti/ccs1010/ccs/tools/compiler/ti-cgt-arm_20.2.1.LTS/lib" -i"C:/ti/ccs1010/ccs/tools/compiler/ti-cgt-arm_20.2.1.LTS/include" --reread_libs --diag_wrap=off --display_error_number --warn_sections --xml_link_info="lab_1_linkInfo.xml" --rom_model -o "lab_1.out" "./Timer.obj" "./helloworld.obj" "./lcd.obj" "./resetSimulation.obj" "./tm4c123gh6pm_startup_ccs.obj" "../tm4c123gh6pm.cmd"  -llibc.a -l"C:/ti/TivaWare_C_Series-2.1.4.178/driverlib/ccs/Debug/driverlib.lib" 
<Linking>
Finished building target: "lab_1.out"
 

**** Build Finished ****
